Started GET "/" for 127.0.0.1 at 2018-12-06 01:11:59 -0800

ActiveRecord::PendingMigrationError - Migrations are pending. To resolve this issue, run:

        bin/rails db:migrate RAILS_ENV=development

:

Started POST "/__better_errors/b0f3e8639f126758/variables" for 127.0.0.1 at 2018-12-06 01:11:59 -0800
Started POST "/__better_errors/b0f3e8639f126758/variables" for 127.0.0.1 at 2018-12-06 01:12:15 -0800
Started POST "/__better_errors/b0f3e8639f126758/variables" for 127.0.0.1 at 2018-12-06 01:12:16 -0800
Started GET "/" for 127.0.0.1 at 2018-12-06 01:13:55 -0800

ActiveRecord::PendingMigrationError - Migrations are pending. To resolve this issue, run:

        bin/rails db:migrate RAILS_ENV=development

:

Started POST "/__better_errors/d594e246c108ffcc/variables" for 127.0.0.1 at 2018-12-06 01:13:55 -0800
Started POST "/__better_errors/d594e246c108ffcc/variables" for 127.0.0.1 at 2018-12-06 01:16:18 -0800
Started POST "/__better_errors/d594e246c108ffcc/variables" for 127.0.0.1 at 2018-12-06 01:16:21 -0800
Started POST "/__better_errors/d594e246c108ffcc/variables" for 127.0.0.1 at 2018-12-06 01:16:22 -0800
Started POST "/__better_errors/d594e246c108ffcc/variables" for 127.0.0.1 at 2018-12-06 01:16:22 -0800
Started POST "/__better_errors/d594e246c108ffcc/variables" for 127.0.0.1 at 2018-12-06 01:16:23 -0800
Started POST "/__better_errors/d594e246c108ffcc/variables" for 127.0.0.1 at 2018-12-06 01:16:29 -0800
  [1m[35m (0.3ms)[0m  [1m[34mSELECT sqlite_version(*)[0m
  [1m[35m (3.7ms)[0m  [1m[35mCREATE TABLE "schema_migrations" ("version" varchar NOT NULL PRIMARY KEY)[0m
  [1m[35m (1.0ms)[0m  [1m[35mCREATE TABLE "ar_internal_metadata" ("key" varchar NOT NULL PRIMARY KEY, "value" varchar, "created_at" datetime NOT NULL, "updated_at" datetime NOT NULL)[0m
  [1m[35m (0.2ms)[0m  [1m[34mSELECT "schema_migrations"."version" FROM "schema_migrations" ORDER BY "schema_migrations"."version" ASC[0m
Migrating to CreatePosts (20171117160543)
  [1m[35m (0.1ms)[0m  [1m[36mbegin transaction[0m
  [1m[35m (0.3ms)[0m  [1m[35mCREATE TABLE "posts" ("id" INTEGER PRIMARY KEY AUTOINCREMENT NOT NULL, "title" varchar, "content" text, "created_at" datetime NOT NULL, "updated_at" datetime NOT NULL)[0m
  [1m[35mSQL (0.4ms)[0m  [1m[32mINSERT INTO "schema_migrations" ("version") VALUES (?)[0m  [["version", "20171117160543"]]
  [1m[35m (1.2ms)[0m  [1m[36mcommit transaction[0m
Migrating to CreateComments (20171117180147)
  [1m[35m (0.1ms)[0m  [1m[36mbegin transaction[0m
  [1m[35m (0.4ms)[0m  [1m[35mCREATE TABLE "comments" ("id" INTEGER PRIMARY KEY AUTOINCREMENT NOT NULL, "name" varchar, "comment" text, "created_at" datetime NOT NULL, "updated_at" datetime NOT NULL)[0m
  [1m[35mSQL (0.1ms)[0m  [1m[32mINSERT INTO "schema_migrations" ("version") VALUES (?)[0m  [["version", "20171117180147"]]
  [1m[35m (0.7ms)[0m  [1m[36mcommit transaction[0m
Migrating to AddPostIdToComments (20171117180851)
  [1m[35m (0.1ms)[0m  [1m[36mbegin transaction[0m
  [1m[35m (0.5ms)[0m  [1m[35mALTER TABLE "comments" ADD "post_id" integer[0m
  [1m[35mSQL (0.1ms)[0m  [1m[32mINSERT INTO "schema_migrations" ("version") VALUES (?)[0m  [["version", "20171117180851"]]
  [1m[35m (0.9ms)[0m  [1m[36mcommit transaction[0m
  [1m[36mActiveRecord::InternalMetadata Load (0.1ms)[0m  [1m[34mSELECT  "ar_internal_metadata".* FROM "ar_internal_metadata" WHERE "ar_internal_metadata"."key" = ? LIMIT ?[0m  [["key", "environment"], ["LIMIT", 1]]
  [1m[35m (0.1ms)[0m  [1m[36mbegin transaction[0m
  [1m[35mSQL (0.3ms)[0m  [1m[32mINSERT INTO "ar_internal_metadata" ("key", "value", "created_at", "updated_at") VALUES (?, ?, ?, ?)[0m  [["key", "environment"], ["value", "development"], ["created_at", "2018-12-06 09:18:25.514773"], ["updated_at", "2018-12-06 09:18:25.514773"]]
  [1m[35m (0.7ms)[0m  [1m[36mcommit transaction[0m
  [1m[35m (0.1ms)[0m  [1m[34mSELECT "schema_migrations"."version" FROM "schema_migrations" ORDER BY "schema_migrations"."version" ASC[0m
Started GET "/" for 127.0.0.1 at 2018-12-06 01:19:13 -0800
  [1m[35m (0.5ms)[0m  [1m[34mSELECT "schema_migrations"."version" FROM "schema_migrations" ORDER BY "schema_migrations"."version" ASC[0m
Processing by PostsController#index as HTML
  Rendering posts/index.html.erb within layouts/application
  [1m[36mPost Load (0.7ms)[0m  [1m[34mSELECT "posts".* FROM "posts" ORDER BY created_at DESC[0m
  Rendered posts/index.html.erb within layouts/application (4.8ms)
Completed 200 OK in 2330ms (Views: 2316.4ms | ActiveRecord: 1.1ms)


Started GET "/posts/new" for 127.0.0.1 at 2018-12-06 01:20:12 -0800
Processing by PostsController#new as HTML
  Rendering posts/new.html.erb within layouts/application
  Rendered posts/_form.html.erb (65.2ms)
  Rendered posts/new.html.erb within layouts/application (68.4ms)
Completed 200 OK in 117ms (Views: 106.0ms | ActiveRecord: 0.5ms)


Started POST "/posts" for 127.0.0.1 at 2018-12-06 01:20:33 -0800
Processing by PostsController#create as HTML
  Parameters: {"utf8"=>"✓", "authenticity_token"=>"OzT39mS+eMT8dcQMuKkb/J1DQZFSMELJO8QdxI2V6JNv+FD6N6Q/u+n8KV3l4VFrLsHigFYq3JDeQ9/PhZTWdg==", "post"=>{"title"=>"Title of new post 1", "content"=>"Content of new post 1"}, "commit"=>"Create new post"}
  [1m[35m (0.1ms)[0m  [1m[36mbegin transaction[0m
  [1m[35mSQL (0.9ms)[0m  [1m[32mINSERT INTO "posts" ("title", "content", "created_at", "updated_at") VALUES (?, ?, ?, ?)[0m  [["title", "Title of new post 1"], ["content", "Content of new post 1"], ["created_at", "2018-12-06 09:20:33.969670"], ["updated_at", "2018-12-06 09:20:33.969670"]]
  [1m[35m (0.7ms)[0m  [1m[36mcommit transaction[0m
Redirected to http://0.0.0.0:3000/posts/1
Completed 302 Found in 7ms (ActiveRecord: 1.7ms)


Started GET "/posts/1" for 127.0.0.1 at 2018-12-06 01:20:33 -0800
Processing by PostsController#show as HTML
  Parameters: {"id"=>"1"}
  Rendering posts/show.html.erb within layouts/application
  Rendered posts/show.html.erb within layouts/application (5.6ms)
Completed 500 Internal Server Error in 13ms (ActiveRecord: 0.0ms)



NoMethodError - undefined method `title' for nil:NilClass:
  app/views/posts/show.html.erb:1:in `_app_views_posts_show_html_erb__4175565375543244207_70180818226360'

Started POST "/__better_errors/cd89693b879780a1/variables" for 127.0.0.1 at 2018-12-06 01:20:34 -0800
Started GET "/posts/1" for 127.0.0.1 at 2018-12-06 01:26:28 -0800
  [1m[35m (0.4ms)[0m  [1m[34mSELECT "schema_migrations"."version" FROM "schema_migrations" ORDER BY "schema_migrations"."version" ASC[0m
Processing by PostsController#show as HTML
  Parameters: {"id"=>"1"}
  Rendering posts/show.html.erb within layouts/application
  Rendered posts/show.html.erb within layouts/application (4.6ms)
Completed 500 Internal Server Error in 18ms (ActiveRecord: 0.0ms)



NoMethodError - undefined method `title' for nil:NilClass:
  app/views/posts/show.html.erb:1:in `_app_views_posts_show_html_erb__95615018852958128_70092882244660'

Started POST "/__better_errors/b995154325a4472a/variables" for 127.0.0.1 at 2018-12-06 01:26:28 -0800
Started GET "/" for 127.0.0.1 at 2018-12-06 01:26:33 -0800
Processing by PostsController#index as HTML
  Rendering posts/index.html.erb within layouts/application
  [1m[36mPost Load (0.6ms)[0m  [1m[34mSELECT "posts".* FROM "posts" ORDER BY created_at DESC[0m
  [1m[35m (0.5ms)[0m  [1m[34mSELECT COUNT(*) FROM "comments" WHERE "comments"."post_id" = ?[0m  [["post_id", 1]]
  Rendered posts/index.html.erb within layouts/application (46.4ms)
Completed 200 OK in 340ms (Views: 321.2ms | ActiveRecord: 2.4ms)


Started GET "/" for 127.0.0.1 at 2018-12-06 01:26:36 -0800
Processing by PostsController#index as HTML
  Rendering posts/index.html.erb within layouts/application
  [1m[36mPost Load (0.3ms)[0m  [1m[34mSELECT "posts".* FROM "posts" ORDER BY created_at DESC[0m
  [1m[35m (0.2ms)[0m  [1m[34mSELECT COUNT(*) FROM "comments" WHERE "comments"."post_id" = ?[0m  [["post_id", 1]]
  Rendered posts/index.html.erb within layouts/application (4.0ms)
Completed 200 OK in 43ms (Views: 38.2ms | ActiveRecord: 0.5ms)


Started GET "/posts/1" for 127.0.0.1 at 2018-12-06 01:26:39 -0800
Processing by PostsController#show as HTML
  Parameters: {"id"=>"1"}
  Rendering posts/show.html.erb within layouts/application
  Rendered posts/show.html.erb within layouts/application (4.8ms)
Completed 500 Internal Server Error in 16ms (ActiveRecord: 0.0ms)



NoMethodError - undefined method `title' for nil:NilClass:
  app/views/posts/show.html.erb:1:in `_app_views_posts_show_html_erb__95615018852958128_70092830117860'

Started POST "/__better_errors/5495eaea8f139a76/variables" for 127.0.0.1 at 2018-12-06 01:26:39 -0800
  [1m[35m (0.5ms)[0m  [1m[34mSELECT "schema_migrations"."version" FROM "schema_migrations" ORDER BY "schema_migrations"."version" ASC[0m
  [1m[36mActiveRecord::InternalMetadata Load (0.6ms)[0m  [1m[34mSELECT  "ar_internal_metadata".* FROM "ar_internal_metadata" WHERE "ar_internal_metadata"."key" = ? LIMIT ?[0m  [["key", "environment"], ["LIMIT", 1]]
  [1m[35m (0.1ms)[0m  [1m[36mbegin transaction[0m
  [1m[35m (0.0ms)[0m  [1m[36mcommit transaction[0m
  [1m[35m (0.1ms)[0m  [1m[34mSELECT "schema_migrations"."version" FROM "schema_migrations" ORDER BY "schema_migrations"."version" ASC[0m
Started GET "/posts/1" for 127.0.0.1 at 2018-12-06 01:28:39 -0800
  [1m[35m (0.2ms)[0m  [1m[34mSELECT "schema_migrations"."version" FROM "schema_migrations" ORDER BY "schema_migrations"."version" ASC[0m
Processing by PostsController#show as HTML
  Parameters: {"id"=>"1"}
  Rendering posts/show.html.erb within layouts/application
  Rendered posts/show.html.erb within layouts/application (4.4ms)
Completed 500 Internal Server Error in 17ms (ActiveRecord: 0.0ms)



NoMethodError - undefined method `title' for nil:NilClass:
  app/views/posts/show.html.erb:1:in `_app_views_posts_show_html_erb__452412940060896669_70127975834400'

Started POST "/__better_errors/cb7f527f3f691131/variables" for 127.0.0.1 at 2018-12-06 01:28:39 -0800
Started GET "/posts/1" for 127.0.0.1 at 2018-12-06 01:28:43 -0800
Processing by PostsController#show as HTML
  Parameters: {"id"=>"1"}
  Rendering posts/show.html.erb within layouts/application
  Rendered posts/show.html.erb within layouts/application (3.2ms)
Completed 500 Internal Server Error in 10ms (ActiveRecord: 0.0ms)



NoMethodError - undefined method `title' for nil:NilClass:
  app/views/posts/show.html.erb:1:in `_app_views_posts_show_html_erb__452412940060896669_70127969735560'

Started POST "/__better_errors/fe339a9f6bb196eb/variables" for 127.0.0.1 at 2018-12-06 01:28:43 -0800
Started GET "/" for 127.0.0.1 at 2018-12-06 01:28:47 -0800
Processing by PostsController#index as HTML
  Rendering posts/index.html.erb within layouts/application
  [1m[36mPost Load (0.4ms)[0m  [1m[34mSELECT "posts".* FROM "posts" ORDER BY created_at DESC[0m
  [1m[35m (0.2ms)[0m  [1m[34mSELECT COUNT(*) FROM "comments" WHERE "comments"."post_id" = ?[0m  [["post_id", 1]]
  Rendered posts/index.html.erb within layouts/application (27.9ms)
Completed 200 OK in 240ms (Views: 230.4ms | ActiveRecord: 1.3ms)


  [1m[35m (0.5ms)[0m  [1m[34mSELECT "schema_migrations"."version" FROM "schema_migrations" ORDER BY "schema_migrations"."version" ASC[0m
  [1m[36mActiveRecord::InternalMetadata Load (0.5ms)[0m  [1m[34mSELECT  "ar_internal_metadata".* FROM "ar_internal_metadata" WHERE "ar_internal_metadata"."key" = ? LIMIT ?[0m  [["key", "environment"], ["LIMIT", 1]]
  [1m[35m (0.1ms)[0m  [1m[36mbegin transaction[0m
  [1m[35m (0.0ms)[0m  [1m[36mcommit transaction[0m
  [1m[35m (0.1ms)[0m  [1m[34mSELECT "schema_migrations"."version" FROM "schema_migrations" ORDER BY "schema_migrations"."version" ASC[0m
Started GET "/" for 127.0.0.1 at 2018-12-06 01:47:10 -0800
  [1m[35m (0.4ms)[0m  [1m[34mSELECT "schema_migrations"."version" FROM "schema_migrations" ORDER BY "schema_migrations"."version" ASC[0m
Processing by PostsController#index as HTML
  Rendering posts/index.html.erb within layouts/application
  Rendered posts/index.html.erb within layouts/application (5.6ms)
Completed 500 Internal Server Error in 20ms (ActiveRecord: 0.0ms)



NoMethodError - undefined method `each' for nil:NilClass:
  app/views/posts/index.html.erb:5:in `_app_views_posts_index_html_erb__3636040471884648391_70284402133560'

Started POST "/__better_errors/25f42906e090815d/variables" for 127.0.0.1 at 2018-12-06 01:47:10 -0800
Started GET "/" for 127.0.0.1 at 2018-12-06 01:51:55 -0800
  [1m[35m (0.1ms)[0m  [1m[34mSELECT "schema_migrations"."version" FROM "schema_migrations" ORDER BY "schema_migrations"."version" ASC[0m
Processing by PostsController#index as HTML
  Rendering posts/index.html.erb within layouts/application
  Rendered posts/index.html.erb within layouts/application (4.8ms)
Completed 500 Internal Server Error in 18ms (ActiveRecord: 0.0ms)



NoMethodError - undefined method `each' for nil:NilClass:
  app/views/posts/index.html.erb:5:in `_app_views_posts_index_html_erb___4235492399086516859_70212497581660'

Started POST "/__better_errors/9b49da0acc36c55e/variables" for 127.0.0.1 at 2018-12-06 01:51:56 -0800
Started GET "/" for 127.0.0.1 at 2018-12-06 01:55:06 -0800
Processing by PostsController#index as HTML
  Rendering posts/index.html.erb within layouts/application
  [1m[36mPost Load (0.1ms)[0m  [1m[34mSELECT "posts".* FROM "posts" ORDER BY created_at DESC[0m
  [1m[35m (0.1ms)[0m  [1m[34mSELECT COUNT(*) FROM "comments" WHERE "comments"."post_id" = ?[0m  [["post_id", 1]]
  Rendered posts/index.html.erb within layouts/application (38.3ms)
Completed 200 OK in 1172ms (Views: 1158.7ms | ActiveRecord: 2.2ms)


Started GET "/posts/1" for 127.0.0.1 at 2018-12-06 01:55:21 -0800
Processing by PostsController#show as HTML
  Parameters: {"id"=>"1"}
  Rendering posts/show.html.erb within layouts/application
  Rendered posts/show.html.erb within layouts/application (6.7ms)
Completed 500 Internal Server Error in 18ms (ActiveRecord: 0.0ms)



NoMethodError - undefined method `title' for nil:NilClass:
  app/views/posts/show.html.erb:1:in `_app_views_posts_show_html_erb___3470680154054578682_70212558956500'

Started POST "/__better_errors/6e9c3025421d579e/variables" for 127.0.0.1 at 2018-12-06 01:55:21 -0800
